<?xml version="1.0" encoding="UTF-8"?>
<testsuite name="StudentTest" tests="2" skipped="0" failures="0" errors="0" timestamp="2022-10-11T14:46:44" hostname="LAPTOP-VAO4T3PT" time="0.009">
  <properties/>
  <testcase name="twoExam" classname="StudentTest" time="0.008"/>
  <testcase name="onlyStudent" classname="StudentTest" time="0.0"/>
  <system-out><![CDATA[]]></system-out>
  <system-err><![CDATA[]]></system-err>
</testsuite>
