<?xml version="1.0" encoding="UTF-8"?>
<testsuite name="CarTest" tests="2" skipped="0" failures="0" errors="0" timestamp="2022-10-21T12:02:20" hostname="LAPTOP-VAO4T3PT" time="0.002">
  <properties/>
  <testcase name="newCar" classname="CarTest" time="0.001"/>
  <testcase name="driveCar" classname="CarTest" time="0.0"/>
  <system-out><![CDATA[]]></system-out>
  <system-err><![CDATA[]]></system-err>
</testsuite>
