<?xml version="1.0" encoding="UTF-8"?>
<testsuite name="FirstAndLastWordTest" tests="2" skipped="0" failures="0" errors="0" timestamp="2022-10-25T07:42:20" hostname="LAPTOP-VAO4T3PT" time="0.003">
  <properties/>
  <testcase name="provaSortIgnore" classname="FirstAndLastWordTest" time="0.002"/>
  <testcase name="provaSort" classname="FirstAndLastWordTest" time="0.001"/>
  <system-out><![CDATA[]]></system-out>
  <system-err><![CDATA[]]></system-err>
</testsuite>
