<?xml version="1.0" encoding="UTF-8"?>
<testsuite name="InfectedTest" tests="1" skipped="0" failures="0" errors="0" timestamp="2022-10-21T12:06:07" hostname="LAPTOP-VAO4T3PT" time="0.012">
  <properties/>
  <testcase name="newDisease" classname="InfectedTest" time="0.012"/>
  <system-out><![CDATA[]]></system-out>
  <system-err><![CDATA[]]></system-err>
</testsuite>
