<?xml version="1.0" encoding="UTF-8"?>
<testsuite name="VendingMachineTest" tests="3" skipped="0" failures="0" errors="0" timestamp="2022-10-03T22:48:20" hostname="LAPTOP-VAO4T3PT" time="0.003">
  <properties/>
  <testcase name="addCanTest" classname="VendingMachineTest" time="0.003"/>
  <testcase name="takeCan" classname="VendingMachineTest" time="0.0"/>
  <testcase name="takeToken" classname="VendingMachineTest" time="0.0"/>
  <system-out><![CDATA[]]></system-out>
  <system-err><![CDATA[]]></system-err>
</testsuite>
