<?xml version="1.0" encoding="UTF-8"?>
<testsuite name="InputCheckerTest" tests="3" skipped="0" failures="0" errors="0" timestamp="2022-10-21T12:24:58" hostname="LAPTOP-VAO4T3PT" time="0.012">
  <properties/>
  <testcase name="accepted" classname="InputCheckerTest" time="0.012"/>
  <testcase name="others" classname="InputCheckerTest" time="0.0"/>
  <testcase name="negative" classname="InputCheckerTest" time="0.0"/>
  <system-out><![CDATA[]]></system-out>
  <system-err><![CDATA[]]></system-err>
</testsuite>
